2023-08-16T12:12:24+00:00 CRITICAL Uncaught Error: Call to a member function get_image_id() on array in /var/www/html/wordpress_show_source/wp-content/themes/source_code_sale/front-page.php:35
Stack trace:
#0 /var/www/html/wordpress_show_source/wp-includes/template-loader.php(106): include()
#1 /var/www/html/wordpress_show_source/wp-blog-header.php(19): require_once('...')
#2 /var/www/html/wordpress_show_source/index.php(17): require('...')
#3 {main}
  thrown in /var/www/html/wordpress_show_source/wp-content/themes/source_code_sale/front-page.php on line 35

2023-08-16T12:12:29+00:00 CRITICAL Uncaught Error: Call to a member function get_image_id() on array in /var/www/html/wordpress_show_source/wp-content/themes/source_code_sale/front-page.php:35
Stack trace:
#0 /var/www/html/wordpress_show_source/wp-includes/template-loader.php(106): include()
#1 /var/www/html/wordpress_show_source/wp-blog-header.php(19): require_once('...')
#2 /var/www/html/wordpress_show_source/index.php(17): require('...')
#3 {main}
  thrown in /var/www/html/wordpress_show_source/wp-content/themes/source_code_sale/front-page.php on line 35

2023-08-16T12:12:49+00:00 CRITICAL Uncaught Error: Call to a member function get_image_id() on array in /var/www/html/wordpress_show_source/wp-content/themes/source_code_sale/front-page.php:35
Stack trace:
#0 /var/www/html/wordpress_show_source/wp-includes/template-loader.php(106): include()
#1 /var/www/html/wordpress_show_source/wp-blog-header.php(19): require_once('...')
#2 /var/www/html/wordpress_show_source/index.php(17): require('...')
#3 {main}
  thrown in /var/www/html/wordpress_show_source/wp-content/themes/source_code_sale/front-page.php on line 35

2023-08-16T12:13:05+00:00 CRITICAL Uncaught Error: Call to a member function get_image_id() on array in /var/www/html/wordpress_show_source/wp-content/themes/source_code_sale/front-page.php:35
Stack trace:
#0 /var/www/html/wordpress_show_source/wp-includes/template-loader.php(106): include()
#1 /var/www/html/wordpress_show_source/wp-blog-header.php(19): require_once('...')
#2 /var/www/html/wordpress_show_source/index.php(17): require('...')
#3 {main}
  thrown in /var/www/html/wordpress_show_source/wp-content/themes/source_code_sale/front-page.php on line 35

2023-08-16T12:13:15+00:00 CRITICAL Uncaught Error: Call to a member function get_image_id() on array in /var/www/html/wordpress_show_source/wp-content/themes/source_code_sale/front-page.php:35
Stack trace:
#0 /var/www/html/wordpress_show_source/wp-includes/template-loader.php(106): include()
#1 /var/www/html/wordpress_show_source/wp-blog-header.php(19): require_once('...')
#2 /var/www/html/wordpress_show_source/index.php(17): require('...')
#3 {main}
  thrown in /var/www/html/wordpress_show_source/wp-content/themes/source_code_sale/front-page.php on line 35

2023-08-16T12:14:18+00:00 CRITICAL Uncaught Error: Call to undefined method WP_Post::get_image_id() in /var/www/html/wordpress_show_source/wp-content/themes/source_code_sale/front-page.php:35
Stack trace:
#0 /var/www/html/wordpress_show_source/wp-includes/template-loader.php(106): include()
#1 /var/www/html/wordpress_show_source/wp-blog-header.php(19): require_once('...')
#2 /var/www/html/wordpress_show_source/index.php(17): require('...')
#3 {main}
  thrown in /var/www/html/wordpress_show_source/wp-content/themes/source_code_sale/front-page.php on line 35

2023-08-16T12:14:56+00:00 CRITICAL Uncaught Error: Call to undefined method WP_Post::get_image_id() in /var/www/html/wordpress_show_source/wp-content/themes/source_code_sale/front-page.php:36
Stack trace:
#0 /var/www/html/wordpress_show_source/wp-includes/template-loader.php(106): include()
#1 /var/www/html/wordpress_show_source/wp-blog-header.php(19): require_once('...')
#2 /var/www/html/wordpress_show_source/index.php(17): require('...')
#3 {main}
  thrown in /var/www/html/wordpress_show_source/wp-content/themes/source_code_sale/front-page.php on line 36

2023-08-16T12:32:33+00:00 CRITICAL Uncaught Error: Call to undefined function get_current_site_name() in /var/www/html/wordpress_show_source/wp-content/themes/source_code_sale/footer.php:20
Stack trace:
#0 /var/www/html/wordpress_show_source/wp-includes/template.php(785): require_once()
#1 /var/www/html/wordpress_show_source/wp-includes/template.php(720): load_template()
#2 /var/www/html/wordpress_show_source/wp-includes/general-template.php(92): locate_template()
#3 /var/www/html/wordpress_show_source/wp-content/themes/source_code_sale/front-page.php(63): get_footer()
#4 /var/www/html/wordpress_show_source/wp-includes/template-loader.php(106): include('...')
#5 /var/www/html/wordpress_show_source/wp-blog-header.php(19): require_once('...')
#6 /var/www/html/wordpress_show_source/index.php(17): require('...')
#7 {main}
  thrown in /var/www/html/wordpress_show_source/wp-content/themes/source_code_sale/footer.php on line 20

2023-08-16T12:34:50+00:00 CRITICAL Uncaught Error: Call to undefined function get_current_site() in /var/www/html/wordpress_show_source/wp-content/themes/source_code_sale/footer.php:20
Stack trace:
#0 /var/www/html/wordpress_show_source/wp-includes/template.php(785): require_once()
#1 /var/www/html/wordpress_show_source/wp-includes/template.php(720): load_template()
#2 /var/www/html/wordpress_show_source/wp-includes/general-template.php(92): locate_template()
#3 /var/www/html/wordpress_show_source/wp-content/themes/source_code_sale/front-page.php(63): get_footer()
#4 /var/www/html/wordpress_show_source/wp-includes/template-loader.php(106): include('...')
#5 /var/www/html/wordpress_show_source/wp-blog-header.php(19): require_once('...')
#6 /var/www/html/wordpress_show_source/index.php(17): require('...')
#7 {main}
  thrown in /var/www/html/wordpress_show_source/wp-content/themes/source_code_sale/footer.php on line 20

2023-08-16T12:35:15+00:00 CRITICAL Uncaught Error: Call to undefined function get_current_site() in /var/www/html/wordpress_show_source/wp-content/themes/source_code_sale/footer.php:20
Stack trace:
#0 /var/www/html/wordpress_show_source/wp-includes/template.php(785): require_once()
#1 /var/www/html/wordpress_show_source/wp-includes/template.php(720): load_template()
#2 /var/www/html/wordpress_show_source/wp-includes/general-template.php(92): locate_template()
#3 /var/www/html/wordpress_show_source/wp-content/themes/source_code_sale/front-page.php(63): get_footer()
#4 /var/www/html/wordpress_show_source/wp-includes/template-loader.php(106): include('...')
#5 /var/www/html/wordpress_show_source/wp-blog-header.php(19): require_once('...')
#6 /var/www/html/wordpress_show_source/index.php(17): require('...')
#7 {main}
  thrown in /var/www/html/wordpress_show_source/wp-content/themes/source_code_sale/footer.php on line 20

