2024/01/06 15:53:32 [notice] 1#1: using the "epoll" event method
2024/01/06 15:53:32 [notice] 1#1: nginx/1.22.1
2024/01/06 15:53:32 [notice] 1#1: built by gcc 11.2.1 20220219 (Alpine 11.2.1_git20220219) 
2024/01/06 15:53:32 [notice] 1#1: OS: Linux 5.15.133.1-microsoft-standard-WSL2
2024/01/06 15:53:32 [notice] 1#1: getrlimit(RLIMIT_NOFILE): 1048576:1048576
2024/01/06 15:53:32 [notice] 1#1: start worker processes
2024/01/06 15:53:32 [notice] 1#1: start worker process 20
2024/01/06 15:53:32 [notice] 1#1: start worker process 21
2024/01/06 15:53:32 [notice] 1#1: start worker process 22
2024/01/06 15:53:32 [notice] 1#1: start worker process 23
2024/01/06 16:03:36 [notice] 1#1: signal 3 (SIGQUIT) received, shutting down
2024/01/06 16:03:36 [notice] 20#20: gracefully shutting down
2024/01/06 16:03:36 [notice] 23#23: gracefully shutting down
2024/01/06 16:03:36 [notice] 22#22: gracefully shutting down
2024/01/06 16:03:36 [notice] 20#20: exiting
2024/01/06 16:03:36 [notice] 22#22: exiting
2024/01/06 16:03:36 [notice] 23#23: exiting
2024/01/06 16:03:36 [notice] 22#22: exit
2024/01/06 16:03:36 [notice] 20#20: exit
2024/01/06 16:03:36 [notice] 23#23: exit
2024/01/06 16:03:36 [notice] 21#21: gracefully shutting down
2024/01/06 16:03:36 [notice] 21#21: exiting
2024/01/06 16:03:36 [notice] 21#21: exit
2024/01/06 16:03:36 [notice] 1#1: signal 17 (SIGCHLD) received from 20
2024/01/06 16:03:36 [notice] 1#1: worker process 20 exited with code 0
2024/01/06 16:03:36 [notice] 1#1: signal 29 (SIGIO) received
2024/01/06 16:03:36 [notice] 1#1: signal 17 (SIGCHLD) received from 21
2024/01/06 16:03:36 [notice] 1#1: worker process 21 exited with code 0
2024/01/06 16:03:36 [notice] 1#1: signal 29 (SIGIO) received
2024/01/06 16:03:36 [notice] 1#1: signal 17 (SIGCHLD) received from 23
2024/01/06 16:03:36 [notice] 1#1: worker process 23 exited with code 0
2024/01/06 16:03:36 [notice] 1#1: signal 29 (SIGIO) received
2024/01/06 16:03:36 [notice] 1#1: signal 17 (SIGCHLD) received from 22
2024/01/06 16:03:36 [notice] 1#1: worker process 22 exited with code 0
2024/01/06 16:03:36 [notice] 1#1: exit
2024/01/06 16:03:40 [notice] 1#1: using the "epoll" event method
2024/01/06 16:03:40 [notice] 1#1: nginx/1.22.1
2024/01/06 16:03:40 [notice] 1#1: built by gcc 11.2.1 20220219 (Alpine 11.2.1_git20220219) 
2024/01/06 16:03:40 [notice] 1#1: OS: Linux 5.15.133.1-microsoft-standard-WSL2
2024/01/06 16:03:40 [notice] 1#1: getrlimit(RLIMIT_NOFILE): 1048576:1048576
2024/01/06 16:03:40 [notice] 1#1: start worker processes
2024/01/06 16:03:40 [notice] 1#1: start worker process 20
2024/01/06 16:03:40 [notice] 1#1: start worker process 21
2024/01/06 16:03:40 [notice] 1#1: start worker process 22
2024/01/06 16:03:40 [notice] 1#1: start worker process 23
2024/01/06 16:09:20 [notice] 1#1: signal 3 (SIGQUIT) received, shutting down
2024/01/06 16:09:20 [notice] 20#20: gracefully shutting down
2024/01/06 16:09:20 [notice] 22#22: gracefully shutting down
2024/01/06 16:09:20 [notice] 23#23: gracefully shutting down
2024/01/06 16:09:20 [notice] 20#20: exiting
2024/01/06 16:09:20 [notice] 22#22: exiting
2024/01/06 16:09:20 [notice] 23#23: exiting
2024/01/06 16:09:20 [notice] 21#21: gracefully shutting down
2024/01/06 16:09:20 [notice] 21#21: exiting
2024/01/06 16:09:20 [notice] 20#20: exit
2024/01/06 16:09:20 [notice] 23#23: exit
2024/01/06 16:09:20 [notice] 22#22: exit
2024/01/06 16:09:20 [notice] 21#21: exit
2024/01/06 16:09:20 [notice] 1#1: signal 17 (SIGCHLD) received from 22
2024/01/06 16:09:20 [notice] 1#1: worker process 20 exited with code 0
2024/01/06 16:09:20 [notice] 1#1: worker process 22 exited with code 0
2024/01/06 16:09:20 [notice] 1#1: worker process 23 exited with code 0
2024/01/06 16:09:20 [notice] 1#1: signal 29 (SIGIO) received
2024/01/06 16:09:21 [notice] 1#1: signal 17 (SIGCHLD) received from 21
2024/01/06 16:09:21 [notice] 1#1: worker process 21 exited with code 0
2024/01/06 16:09:21 [notice] 1#1: exit
2024/01/06 16:10:44 [notice] 1#1: using the "epoll" event method
2024/01/06 16:10:44 [notice] 1#1: nginx/1.22.1
2024/01/06 16:10:44 [notice] 1#1: built by gcc 11.2.1 20220219 (Alpine 11.2.1_git20220219) 
2024/01/06 16:10:44 [notice] 1#1: OS: Linux 5.15.133.1-microsoft-standard-WSL2
2024/01/06 16:10:44 [notice] 1#1: getrlimit(RLIMIT_NOFILE): 1048576:1048576
2024/01/06 16:10:44 [notice] 1#1: start worker processes
2024/01/06 16:10:44 [notice] 1#1: start worker process 20
2024/01/06 16:10:44 [notice] 1#1: start worker process 21
2024/01/06 16:10:44 [notice] 1#1: start worker process 22
2024/01/06 16:10:44 [notice] 1#1: start worker process 23
2024/01/06 16:10:59 [notice] 1#1: signal 3 (SIGQUIT) received, shutting down
2024/01/06 16:10:59 [notice] 21#21: gracefully shutting down
2024/01/06 16:10:59 [notice] 20#20: gracefully shutting down
2024/01/06 16:10:59 [notice] 23#23: gracefully shutting down
2024/01/06 16:10:59 [notice] 21#21: exiting
2024/01/06 16:10:59 [notice] 20#20: exiting
2024/01/06 16:10:59 [notice] 23#23: exiting
2024/01/06 16:10:59 [notice] 21#21: exit
2024/01/06 16:10:59 [notice] 20#20: exit
2024/01/06 16:10:59 [notice] 23#23: exit
2024/01/06 16:10:59 [notice] 22#22: gracefully shutting down
2024/01/06 16:10:59 [notice] 22#22: exiting
2024/01/06 16:10:59 [notice] 22#22: exit
2024/01/06 16:10:59 [notice] 1#1: signal 17 (SIGCHLD) received from 23
2024/01/06 16:10:59 [notice] 1#1: worker process 21 exited with code 0
2024/01/06 16:10:59 [notice] 1#1: worker process 22 exited with code 0
2024/01/06 16:10:59 [notice] 1#1: worker process 23 exited with code 0
2024/01/06 16:10:59 [notice] 1#1: signal 29 (SIGIO) received
2024/01/06 16:10:59 [notice] 1#1: signal 17 (SIGCHLD) received from 22
2024/01/06 16:10:59 [notice] 1#1: signal 17 (SIGCHLD) received from 20
2024/01/06 16:10:59 [notice] 1#1: worker process 20 exited with code 0
2024/01/06 16:10:59 [notice] 1#1: exit
2024/01/06 16:11:04 [notice] 1#1: using the "epoll" event method
2024/01/06 16:11:04 [notice] 1#1: nginx/1.22.1
2024/01/06 16:11:04 [notice] 1#1: built by gcc 11.2.1 20220219 (Alpine 11.2.1_git20220219) 
2024/01/06 16:11:04 [notice] 1#1: OS: Linux 5.15.133.1-microsoft-standard-WSL2
2024/01/06 16:11:04 [notice] 1#1: getrlimit(RLIMIT_NOFILE): 1048576:1048576
2024/01/06 16:11:04 [notice] 1#1: start worker processes
2024/01/06 16:11:04 [notice] 1#1: start worker process 21
2024/01/06 16:11:04 [notice] 1#1: start worker process 22
2024/01/06 16:11:04 [notice] 1#1: start worker process 23
2024/01/06 16:11:04 [notice] 1#1: start worker process 24
2024/01/06 16:21:54 [notice] 1#1: signal 3 (SIGQUIT) received, shutting down
2024/01/06 16:21:54 [notice] 21#21: gracefully shutting down
2024/01/06 16:21:54 [notice] 24#24: gracefully shutting down
2024/01/06 16:21:54 [notice] 24#24: exiting
2024/01/06 16:21:54 [notice] 21#21: exiting
2024/01/06 16:21:54 [notice] 21#21: exit
2024/01/06 16:21:54 [notice] 24#24: exit
2024/01/06 16:21:54 [notice] 23#23: gracefully shutting down
2024/01/06 16:21:54 [notice] 22#22: gracefully shutting down
2024/01/06 16:21:54 [notice] 23#23: exiting
2024/01/06 16:21:54 [notice] 22#22: exiting
2024/01/06 16:21:54 [notice] 23#23: exit
2024/01/06 16:21:54 [notice] 22#22: exit
2024/01/06 16:21:54 [notice] 1#1: signal 17 (SIGCHLD) received from 23
2024/01/06 16:21:54 [notice] 1#1: worker process 21 exited with code 0
2024/01/06 16:21:54 [notice] 1#1: worker process 23 exited with code 0
2024/01/06 16:21:54 [notice] 1#1: signal 29 (SIGIO) received
2024/01/06 16:21:54 [notice] 1#1: signal 17 (SIGCHLD) received from 22
2024/01/06 16:21:54 [notice] 1#1: worker process 22 exited with code 0
2024/01/06 16:21:54 [notice] 1#1: worker process 24 exited with code 0
2024/01/06 16:21:54 [notice] 1#1: exit
2024/01/06 16:21:59 [notice] 1#1: using the "epoll" event method
2024/01/06 16:21:59 [notice] 1#1: nginx/1.22.1
2024/01/06 16:21:59 [notice] 1#1: built by gcc 11.2.1 20220219 (Alpine 11.2.1_git20220219) 
2024/01/06 16:21:59 [notice] 1#1: OS: Linux 5.15.133.1-microsoft-standard-WSL2
2024/01/06 16:21:59 [notice] 1#1: getrlimit(RLIMIT_NOFILE): 1048576:1048576
2024/01/06 16:21:59 [notice] 1#1: start worker processes
2024/01/06 16:21:59 [notice] 1#1: start worker process 19
2024/01/06 16:21:59 [notice] 1#1: start worker process 20
2024/01/06 16:21:59 [notice] 1#1: start worker process 21
2024/01/06 16:21:59 [notice] 1#1: start worker process 22
